<?xml version="1.0" encoding="UTF-8"?>
<testsuite name="hello.ApplicationTests" time="0.226" tests="2" errors="0" skipped="0" failures="1">
  <properties>
[...]
</properties>
  <testcase name="loginWithInvalidUserThenUnauthenticated" classname="hello.ApplicationTests" time="0.204"/>
  <testcase name="loginWithValidUserThenAuthenticated" classname="hello.ApplicationTests" time="0.022">
    <failure message="Authentication should not be null" type="java.lang.AssertionError">java.lang.AssertionError: Authentication should not be null
	at org.springframework.test.util.AssertionErrors.fail(AssertionErrors.java:35)
	at org.springframework.test.util.AssertionErrors.assertTrue(AssertionErrors.java:65)
	at org.springframework.security.test.web.servlet.response.SecurityMockMvcResultMatchers$AuthenticatedMatcher.match(SecurityMockMvcResultMatchers.java:98)
	at org.springframework.test.web.servlet.MockMvc$1.andExpect(MockMvc.java:171)
	at hello.ApplicationTests.loginWithValidUserThenAuthenticated(ApplicationTests.java:48)
</failure>
    <system-out><![CDATA[2017-03-22 16:00:28.126 ERROR 9732 --- [           main] w.a.UsernamePasswordAuthenticationFilter : An internal error occurred while trying to authenticate the user.

org.springframework.security.authentication.InternalAuthenticationServiceException: science.regn.net:389; nested exception is javax.naming.CommunicationException: science.regn.net:389 [Root exception is java.net.UnknownHostException: science.regn.net]
	at org.springframework.security.ldap.authentication.LdapAuthenticationProvider.doAuthentication(LdapAuthenticationProvider.java:206) ~[spring-security-ldap-4.2.2.RELEASE.jar:4.2.2.RELEASE]
	at org.springframework.security.ldap.authentication.AbstractLdapAuthenticationProvider.authenticate(AbstractLdapAuthenticationProvider.java:85) ~[spring-security-ldap-4.2.2.RELEASE.jar:4.2.2.RELEASE]
	at org.springframework.security.authentication.ProviderManager.authenticate(ProviderManager.java:174) ~[spring-security-core-4.2.2.RELEASE.jar:4.2.2.RELEASE]
	at org.springframework.security.authentication.ProviderManager.authenticate(ProviderManager.java:199) ~[spring-security-core-4.2.2.RELEASE.jar:4.2.2.RELEASE]
	at org.springframework.security.web.authentication.UsernamePasswordAuthenticationFilter.attemptAuthentication(UsernamePasswordAuthenticationFilter.java:94) ~[spring-security-web-4.2.2.RELEASE.jar:4.2.2.RELEASE]
	at org.springframework.security.web.authentication.AbstractAuthenticationProcessingFilter.doFilter(AbstractAuthenticationProcessingFilter.java:212) ~[spring-security-web-4.2.2.RELEASE.jar:4.2.2.RELEASE]
	at org.springframework.security.web.FilterChainProxy$VirtualFilterChain.doFilter(FilterChainProxy.java:331) [spring-security-web-4.2.2.RELEASE.jar:4.2.2.RELEASE]
	at org.springframework.security.web.authentication.logout.LogoutFilter.doFilter(LogoutFilter.java:116) [spring-security-web-4.2.2.RELEASE.jar:4.2.2.RELEASE]
	at org.springframework.security.web.FilterChainProxy$VirtualFilterChain.doFilter(FilterChainProxy.java:331) [spring-security-web-4.2.2.RELEASE.jar:4.2.2.RELEASE]
	at org.springframework.security.web.csrf.CsrfFilter.doFilterInternal(CsrfFilter.java:124) [spring-security-web-4.2.2.RELEASE.jar:4.2.2.RELEASE]
	at org.springframework.web.filter.OncePerRequestFilter.doFilter(OncePerRequestFilter.java:107) [spring-web-4.3.7.RELEASE.jar:4.3.7.RELEASE]
	at org.springframework.security.web.FilterChainProxy$VirtualFilterChain.doFilter(FilterChainProxy.java:331) [spring-security-web-4.2.2.RELEASE.jar:4.2.2.RELEASE]
	at org.springframework.security.web.header.HeaderWriterFilter.doFilterInternal(HeaderWriterFilter.java:64) [spring-security-web-4.2.2.RELEASE.jar:4.2.2.RELEASE]
	at org.springframework.web.filter.OncePerRequestFilter.doFilter(OncePerRequestFilter.java:107) [spring-web-4.3.7.RELEASE.jar:4.3.7.RELEASE]
	at org.springframework.security.web.FilterChainProxy$VirtualFilterChain.doFilter(FilterChainProxy.java:331) [spring-security-web-4.2.2.RELEASE.jar:4.2.2.RELEASE]
	at org.springframework.security.web.context.SecurityContextPersistenceFilter.doFilter(SecurityContextPersistenceFilter.java:105) [spring-security-web-4.2.2.RELEASE.jar:4.2.2.RELEASE]
	at org.springframework.security.web.FilterChainProxy$VirtualFilterChain.doFilter(FilterChainProxy.java:331) [spring-security-web-4.2.2.RELEASE.jar:4.2.2.RELEASE]
	at org.springframework.security.web.context.request.async.WebAsyncManagerIntegrationFilter.doFilterInternal(WebAsyncManagerIntegrationFilter.java:56) [spring-security-web-4.2.2.RELEASE.jar:4.2.2.RELEASE]
	at org.springframework.web.filter.OncePerRequestFilter.doFilter(OncePerRequestFilter.java:107) [spring-web-4.3.7.RELEASE.jar:4.3.7.RELEASE]
	at org.springframework.security.web.FilterChainProxy$VirtualFilterChain.doFilter(FilterChainProxy.java:331) [spring-security-web-4.2.2.RELEASE.jar:4.2.2.RELEASE]
	at org.springframework.security.web.FilterChainProxy.doFilterInternal(FilterChainProxy.java:214) [spring-security-web-4.2.2.RELEASE.jar:4.2.2.RELEASE]
	at org.springframework.security.web.FilterChainProxy.doFilter(FilterChainProxy.java:177) [spring-security-web-4.2.2.RELEASE.jar:4.2.2.RELEASE]
	at org.springframework.web.filter.DelegatingFilterProxy.invokeDelegate(DelegatingFilterProxy.java:346) [spring-web-4.3.7.RELEASE.jar:4.3.7.RELEASE]
	at org.springframework.web.filter.DelegatingFilterProxy.doFilter(DelegatingFilterProxy.java:262) [spring-web-4.3.7.RELEASE.jar:4.3.7.RELEASE]
	at org.springframework.mock.web.MockFilterChain.doFilter(MockFilterChain.java:134) [spring-test-4.3.7.RELEASE.jar:4.3.7.RELEASE]
	at org.springframework.web.filter.RequestContextFilter.doFilterInternal(RequestContextFilter.java:99) [spring-web-4.3.7.RELEASE.jar:4.3.7.RELEASE]
	at org.springframework.web.filter.OncePerRequestFilter.doFilter(OncePerRequestFilter.java:107) [spring-web-4.3.7.RELEASE.jar:4.3.7.RELEASE]
	at org.springframework.mock.web.MockFilterChain.doFilter(MockFilterChain.java:134) [spring-test-4.3.7.RELEASE.jar:4.3.7.RELEASE]
	at org.springframework.web.filter.HttpPutFormContentFilter.doFilterInternal(HttpPutFormContentFilter.java:105) [spring-web-4.3.7.RELEASE.jar:4.3.7.RELEASE]
	at org.springframework.web.filter.OncePerRequestFilter.doFilter(OncePerRequestFilter.java:107) [spring-web-4.3.7.RELEASE.jar:4.3.7.RELEASE]
	at org.springframework.mock.web.MockFilterChain.doFilter(MockFilterChain.java:134) [spring-test-4.3.7.RELEASE.jar:4.3.7.RELEASE]
	at org.springframework.web.filter.HiddenHttpMethodFilter.doFilterInternal(HiddenHttpMethodFilter.java:81) [spring-web-4.3.7.RELEASE.jar:4.3.7.RELEASE]
	at org.springframework.web.filter.OncePerRequestFilter.doFilter(OncePerRequestFilter.java:107) [spring-web-4.3.7.RELEASE.jar:4.3.7.RELEASE]
	at org.springframework.mock.web.MockFilterChain.doFilter(MockFilterChain.java:134) [spring-test-4.3.7.RELEASE.jar:4.3.7.RELEASE]
	at org.springframework.web.filter.CharacterEncodingFilter.doFilterInternal(CharacterEncodingFilter.java:197) [spring-web-4.3.7.RELEASE.jar:4.3.7.RELEASE]
	at org.springframework.web.filter.OncePerRequestFilter.doFilter(OncePerRequestFilter.java:107) [spring-web-4.3.7.RELEASE.jar:4.3.7.RELEASE]
	at org.springframework.mock.web.MockFilterChain.doFilter(MockFilterChain.java:134) [spring-test-4.3.7.RELEASE.jar:4.3.7.RELEASE]
	at org.springframework.test.web.servlet.MockMvc.perform(MockMvc.java:155) [spring-test-4.3.7.RELEASE.jar:4.3.7.RELEASE]
	at hello.ApplicationTests.loginWithValidUserThenAuthenticated(ApplicationTests.java:47) [test-classes/:na]
	at sun.reflect.NativeMethodAccessorImpl.invoke0(Native Method) ~[na:1.8.0_121]
	at sun.reflect.NativeMethodAccessorImpl.invoke(NativeMethodAccessorImpl.java:62) ~[na:1.8.0_121]
	at sun.reflect.DelegatingMethodAccessorImpl.invoke(DelegatingMethodAccessorImpl.java:43) ~[na:1.8.0_121]
	at java.lang.reflect.Method.invoke(Method.java:498) ~[na:1.8.0_121]
	at org.junit.runners.model.FrameworkMethod$1.runReflectiveCall(FrameworkMethod.java:50) [junit-4.12.jar:4.12]
	at org.junit.internal.runners.model.ReflectiveCallable.run(ReflectiveCallable.java:12) [junit-4.12.jar:4.12]
	at org.junit.runners.model.FrameworkMethod.invokeExplosively(FrameworkMethod.java:47) [junit-4.12.jar:4.12]
	at org.junit.internal.runners.statements.InvokeMethod.evaluate(InvokeMethod.java:17) [junit-4.12.jar:4.12]
	at org.springframework.test.context.junit4.statements.RunBeforeTestMethodCallbacks.evaluate(RunBeforeTestMethodCallbacks.java:75) [spring-test-4.3.7.RELEASE.jar:4.3.7.RELEASE]
	at org.springframework.test.context.junit4.statements.RunAfterTestMethodCallbacks.evaluate(RunAfterTestMethodCallbacks.java:86) [spring-test-4.3.7.RELEASE.jar:4.3.7.RELEASE]
	at org.springframework.test.context.junit4.statements.SpringRepeat.evaluate(SpringRepeat.java:84) [spring-test-4.3.7.RELEASE.jar:4.3.7.RELEASE]
	at org.junit.runners.ParentRunner.runLeaf(ParentRunner.java:325) [junit-4.12.jar:4.12]
	at org.springframework.test.context.junit4.SpringJUnit4ClassRunner.runChild(SpringJUnit4ClassRunner.java:252) [spring-test-4.3.7.RELEASE.jar:4.3.7.RELEASE]
	at org.springframework.test.context.junit4.SpringJUnit4ClassRunner.runChild(SpringJUnit4ClassRunner.java:94) [spring-test-4.3.7.RELEASE.jar:4.3.7.RELEASE]
	at org.junit.runners.ParentRunner$3.run(ParentRunner.java:290) [junit-4.12.jar:4.12]
	at org.junit.runners.ParentRunner$1.schedule(ParentRunner.java:71) [junit-4.12.jar:4.12]
	at org.junit.runners.ParentRunner.runChildren(ParentRunner.java:288) [junit-4.12.jar:4.12]
	at org.junit.runners.ParentRunner.access$000(ParentRunner.java:58) [junit-4.12.jar:4.12]
	at org.junit.runners.ParentRunner$2.evaluate(ParentRunner.java:268) [junit-4.12.jar:4.12]
	at org.springframework.test.context.junit4.statements.RunBeforeTestClassCallbacks.evaluate(RunBeforeTestClassCallbacks.java:61) [spring-test-4.3.7.RELEASE.jar:4.3.7.RELEASE]
	at org.springframework.test.context.junit4.statements.RunAfterTestClassCallbacks.evaluate(RunAfterTestClassCallbacks.java:70) [spring-test-4.3.7.RELEASE.jar:4.3.7.RELEASE]
	at org.junit.runners.ParentRunner.run(ParentRunner.java:363) [junit-4.12.jar:4.12]
	at org.springframework.test.context.junit4.SpringJUnit4ClassRunner.run(SpringJUnit4ClassRunner.java:191) [spring-test-4.3.7.RELEASE.jar:4.3.7.RELEASE]
	at org.apache.maven.surefire.junit4.JUnit4Provider.execute(JUnit4Provider.java:283) [surefire-junit4-2.18.1.jar:2.18.1]
	at org.apache.maven.surefire.junit4.JUnit4Provider.executeWithRerun(JUnit4Provider.java:173) [surefire-junit4-2.18.1.jar:2.18.1]
	at org.apache.maven.surefire.junit4.JUnit4Provider.executeTestSet(JUnit4Provider.java:153) [surefire-junit4-2.18.1.jar:2.18.1]
	at org.apache.maven.surefire.junit4.JUnit4Provider.invoke(JUnit4Provider.java:128) [surefire-junit4-2.18.1.jar:2.18.1]
	at org.apache.maven.surefire.booter.ForkedBooter.invokeProviderInSameClassLoader(ForkedBooter.java:203) [surefire-booter-2.18.1.jar:2.18.1]
	at org.apache.maven.surefire.booter.ForkedBooter.runSuitesInProcess(ForkedBooter.java:155) [surefire-booter-2.18.1.jar:2.18.1]
	at org.apache.maven.surefire.booter.ForkedBooter.main(ForkedBooter.java:103) [surefire-booter-2.18.1.jar:2.18.1]
Caused by: org.springframework.ldap.CommunicationException: science.regn.net:389; nested exception is javax.naming.CommunicationException: science.regn.net:389 [Root exception is java.net.UnknownHostException: science.regn.net]
	at org.springframework.ldap.support.LdapUtils.convertLdapException(LdapUtils.java:108) ~[spring-ldap-core-2.3.1.RELEASE.jar:2.3.1.RELEASE]
	at org.springframework.ldap.core.support.AbstractContextSource.createContext(AbstractContextSource.java:355) ~[spring-ldap-core-2.3.1.RELEASE.jar:2.3.1.RELEASE]
	at org.springframework.ldap.core.support.AbstractContextSource.doGetContext(AbstractContextSource.java:139) ~[spring-ldap-core-2.3.1.RELEASE.jar:2.3.1.RELEASE]
	at org.springframework.ldap.core.support.AbstractContextSource.getReadOnlyContext(AbstractContextSource.java:158) ~[spring-ldap-core-2.3.1.RELEASE.jar:2.3.1.RELEASE]
	at org.springframework.ldap.core.LdapTemplate.executeReadOnly(LdapTemplate.java:802) ~[spring-ldap-core-2.3.1.RELEASE.jar:2.3.1.RELEASE]
	at org.springframework.security.ldap.SpringSecurityLdapTemplate.retrieveEntry(SpringSecurityLdapTemplate.java:137) ~[spring-security-ldap-4.2.2.RELEASE.jar:4.2.2.RELEASE]
	at org.springframework.security.ldap.authentication.PasswordComparisonAuthenticator.authenticate(PasswordComparisonAuthenticator.java:86) ~[spring-security-ldap-4.2.2.RELEASE.jar:4.2.2.RELEASE]
	at org.springframework.security.ldap.authentication.LdapAuthenticationProvider.doAuthentication(LdapAuthenticationProvider.java:187) ~[spring-security-ldap-4.2.2.RELEASE.jar:4.2.2.RELEASE]
	... 68 common frames omitted
Caused by: javax.naming.CommunicationException: science.regn.net:389
	at com.sun.jndi.ldap.Connection.<init>(Connection.java:226) ~[na:1.8.0_121]
	at com.sun.jndi.ldap.LdapClient.<init>(LdapClient.java:137) ~[na:1.8.0_121]
	at com.sun.jndi.ldap.LdapClientFactory.createPooledConnection(LdapClientFactory.java:64) ~[na:1.8.0_121]
	at com.sun.jndi.ldap.pool.Connections.<init>(Connections.java:115) ~[na:1.8.0_121]
	at com.sun.jndi.ldap.pool.Pool.getPooledConnection(Pool.java:136) ~[na:1.8.0_121]
	at com.sun.jndi.ldap.LdapPoolManager.getLdapClient(LdapPoolManager.java:329) ~[na:1.8.0_121]
	at com.sun.jndi.ldap.LdapClient.getInstance(LdapClient.java:1606) ~[na:1.8.0_121]
	at com.sun.jndi.ldap.LdapCtx.connect(LdapCtx.java:2746) ~[na:1.8.0_121]
	at com.sun.jndi.ldap.LdapCtx.<init>(LdapCtx.java:319) ~[na:1.8.0_121]
	at com.sun.jndi.ldap.LdapCtxFactory.getUsingURL(LdapCtxFactory.java:192) ~[na:1.8.0_121]
	at com.sun.jndi.ldap.LdapCtxFactory.getUsingURLs(LdapCtxFactory.java:210) ~[na:1.8.0_121]
	at com.sun.jndi.ldap.LdapCtxFactory.getLdapCtxInstance(LdapCtxFactory.java:153) ~[na:1.8.0_121]
	at com.sun.jndi.ldap.LdapCtxFactory.getInitialContext(LdapCtxFactory.java:83) ~[na:1.8.0_121]
	at javax.naming.spi.NamingManager.getInitialContext(NamingManager.java:684) ~[na:1.8.0_121]
	at javax.naming.InitialContext.getDefaultInitCtx(InitialContext.java:313) ~[na:1.8.0_121]
	at javax.naming.InitialContext.init(InitialContext.java:244) ~[na:1.8.0_121]
	at javax.naming.ldap.InitialLdapContext.<init>(InitialLdapContext.java:154) ~[na:1.8.0_121]
	at org.springframework.ldap.core.support.LdapContextSource.getDirContextInstance(LdapContextSource.java:42) ~[spring-ldap-core-2.3.1.RELEASE.jar:2.3.1.RELEASE]
	at org.springframework.ldap.core.support.AbstractContextSource.createContext(AbstractContextSource.java:343) ~[spring-ldap-core-2.3.1.RELEASE.jar:2.3.1.RELEASE]
	... 74 common frames omitted
Caused by: java.net.UnknownHostException: science.regn.net
	at java.net.AbstractPlainSocketImpl.connect(AbstractPlainSocketImpl.java:184) ~[na:1.8.0_121]
	at java.net.PlainSocketImpl.connect(PlainSocketImpl.java:172) ~[na:1.8.0_121]
	at java.net.SocksSocketImpl.connect(SocksSocketImpl.java:392) ~[na:1.8.0_121]
	at java.net.Socket.connect(Socket.java:589) ~[na:1.8.0_121]
	at java.net.Socket.connect(Socket.java:538) ~[na:1.8.0_121]
	at java.net.Socket.<init>(Socket.java:434) ~[na:1.8.0_121]
	at java.net.Socket.<init>(Socket.java:211) ~[na:1.8.0_121]
	at com.sun.jndi.ldap.Connection.createSocket(Connection.java:363) ~[na:1.8.0_121]
	at com.sun.jndi.ldap.Connection.<init>(Connection.java:203) ~[na:1.8.0_121]
	... 92 common frames omitted


MockHttpServletRequest:
      HTTP Method = POST
      Request URI = /login
       Parameters = {username=[invalid], password=[invalidpassword], _csrf=[f7c35acb-7aa9-4623-af91-ddc6fd8ad533]}
          Headers = {Accept=[application/x-www-form-urlencoded]}

Handler:
             Type = null

Async:
    Async started = false
     Async result = null

Resolved Exception:
             Type = null

ModelAndView:
        View name = null
             View = null
            Model = null

FlashMap:
       Attributes = null

MockHttpServletResponse:
           Status = 302
    Error message = null
          Headers = {X-Content-Type-Options=[nosniff], X-XSS-Protection=[1; mode=block], Cache-Control=[no-cache, no-store, max-age=0, must-revalidate], Pragma=[no-cache], Expires=[0], X-Frame-Options=[DENY], Location=[/login?error]}
     Content type = null
             Body = 
    Forwarded URL = null
   Redirected URL = /login?error
          Cookies = []

MockHttpServletRequest:
      HTTP Method = POST
      Request URI = /login
       Parameters = {username=[ben], password=[benspassword], _csrf=[6e2816d7-2596-4a92-bb61-0d5f130662f7]}
          Headers = {Accept=[application/x-www-form-urlencoded]}

Handler:
             Type = null

Async:
    Async started = false
     Async result = null

Resolved Exception:
             Type = null

ModelAndView:
        View name = null
             View = null
            Model = null

FlashMap:
       Attributes = null

MockHttpServletResponse:
           Status = 302
    Error message = null
          Headers = {X-Content-Type-Options=[nosniff], X-XSS-Protection=[1; mode=block], Cache-Control=[no-cache, no-store, max-age=0, must-revalidate], Pragma=[no-cache], Expires=[0], X-Frame-Options=[DENY], Location=[/login?error]}
     Content type = null
             Body = 
    Forwarded URL = null
   Redirected URL = /login?error
          Cookies = []
]]></system-out>
  </testcase>
</testsuite>